e:\learn\opengl\mygl\x64\debug\vc142.pdb
e:\learn\opengl\mygl\x64\debug\vc142.idb
e:\learn\opengl\mygl\x64\debug\glad.obj
e:\learn\opengl\mygl\x64\debug\std_image.obj
e:\learn\opengl\mygl\x64\debug\main.obj
e:\learn\opengl\mygl\x64\debug\texture.obj
e:\learn\opengl\mygl\x64\debug\shader.obj
e:\learn\opengl\mygl\x64\debug\grid.obj
e:\learn\opengl\mygl\x64\debug\node.obj
e:\learn\opengl\mygl\x64\debug\quad.obj
e:\learn\opengl\mygl\x64\debug\camera.obj
e:\learn\opengl\mygl\x64\debug\light.obj
e:\learn\opengl\mygl\x64\debug\render.obj
e:\learn\opengl\mygl\x64\debug\cube.obj
e:\learn\opengl\mygl\x64\debug\mesh.obj
e:\learn\opengl\mygl\x64\debug\mygl.exe
e:\learn\opengl\mygl\x64\debug\mygl.ilk
e:\learn\opengl\mygl\x64\debug\mygl.pdb
e:\learn\opengl\mygl\x64\debug\mygl.res
e:\learn\opengl\mygl\x64\debug\mygl.tlog\cl.command.1.tlog
e:\learn\opengl\mygl\x64\debug\mygl.tlog\cl.read.1.tlog
e:\learn\opengl\mygl\x64\debug\mygl.tlog\cl.write.1.tlog
e:\learn\opengl\mygl\x64\debug\mygl.tlog\fxc.command.1.tlog
e:\learn\opengl\mygl\x64\debug\mygl.tlog\fxc.read.1.tlog
e:\learn\opengl\mygl\x64\debug\mygl.tlog\link.command.1.tlog
e:\learn\opengl\mygl\x64\debug\mygl.tlog\link.read.1.tlog
e:\learn\opengl\mygl\x64\debug\mygl.tlog\link.write.1.tlog
e:\learn\opengl\mygl\x64\debug\mygl.tlog\rc.command.1.tlog
e:\learn\opengl\mygl\x64\debug\mygl.tlog\rc.read.1.tlog
e:\learn\opengl\mygl\x64\debug\mygl.tlog\rc.write.1.tlog
