  main.cpp
E:\learn\opengl\libs\include\glm\core\func_common.hpp(1,1): warning C4819: 该文件包含不能在当前代码页(936)中表示的字符。请将该文件保存为 Unicode 格式以防止数据丢失
E:\learn\opengl\libs\include\glm\core\func_common.inl(1,1): warning C4819: 该文件包含不能在当前代码页(936)中表示的字符。请将该文件保存为 Unicode 格式以防止数据丢失
E:\learn\opengl\libs\include\glm\core\func_integer.hpp(1,1): warning C4819: 该文件包含不能在当前代码页(936)中表示的字符。请将该文件保存为 Unicode 格式以防止数据丢失
E:\learn\opengl\MYGL\Camera.h(1,1): warning C4819: 该文件包含不能在当前代码页(936)中表示的字符。请将该文件保存为 Unicode 格式以防止数据丢失
E:\learn\opengl\MYGL\Grid.h(3,10): warning C4067: 预处理器指令后有意外标记 - 应输入换行符
E:\learn\opengl\MYGL\Light.h(1,1): warning C4819: 该文件包含不能在当前代码页(936)中表示的字符。请将该文件保存为 Unicode 格式以防止数据丢失
E:\learn\opengl\MYGL\main.cpp(88,25): warning C4305: “初始化”: 从“double”到“float”截断
E:\learn\opengl\MYGL\main.cpp(117,25): warning C4244: “=”: 从“double”转换到“float”，可能丢失数据
E:\learn\opengl\MYGL\main.cpp(243,37): warning C4244: “=”: 从“double”转换到“float”，可能丢失数据
E:\learn\opengl\MYGL\main.cpp(247,38): warning C4244: “=”: 从“double”转换到“float”，可能丢失数据
E:\learn\opengl\MYGL\main.cpp(254,37): warning C4244: “=”: 从“double”转换到“float”，可能丢失数据
E:\learn\opengl\MYGL\main.cpp(258,38): warning C4244: “=”: 从“double”转换到“float”，可能丢失数据
E:\learn\opengl\MYGL\main.cpp(271,37): warning C4244: “=”: 从“double”转换到“float”，可能丢失数据
E:\learn\opengl\MYGL\main.cpp(275,38): warning C4244: “=”: 从“double”转换到“float”，可能丢失数据
E:\learn\opengl\MYGL\main.cpp(282,37): warning C4244: “=”: 从“double”转换到“float”，可能丢失数据
E:\learn\opengl\MYGL\main.cpp(286,38): warning C4244: “=”: 从“double”转换到“float”，可能丢失数据
E:\learn\opengl\MYGL\main.cpp(299,37): warning C4244: “=”: 从“double”转换到“float”，可能丢失数据
E:\learn\opengl\MYGL\main.cpp(303,38): warning C4244: “=”: 从“double”转换到“float”，可能丢失数据
E:\learn\opengl\MYGL\main.cpp(310,37): warning C4244: “=”: 从“double”转换到“float”，可能丢失数据
E:\learn\opengl\MYGL\main.cpp(314,38): warning C4244: “=”: 从“double”转换到“float”，可能丢失数据
E:\learn\opengl\MYGL\main.cpp(327,37): warning C4244: “=”: 从“double”转换到“float”，可能丢失数据
E:\learn\opengl\MYGL\main.cpp(331,38): warning C4244: “=”: 从“double”转换到“float”，可能丢失数据
E:\learn\opengl\MYGL\main.cpp(338,37): warning C4244: “=”: 从“double”转换到“float”，可能丢失数据
E:\learn\opengl\MYGL\main.cpp(342,38): warning C4244: “=”: 从“double”转换到“float”，可能丢失数据
E:\learn\opengl\MYGL\main.cpp(368,29): warning C4244: “=”: 从“double”转换到“float”，可能丢失数据
E:\learn\opengl\MYGL\main.cpp(370,30): warning C4244: “=”: 从“double”转换到“float”，可能丢失数据
  MYGL.vcxproj -> E:\learn\opengl\MYGL\x64\Debug\MYGL.exe
